<?xml version="1.0" encoding="UTF-8"?>
<!-- Generated by org.testng.reporters.JUnitXMLReporter -->
<testsuite hostname="BDC4-D-1SQ7N62" ignored="0" name="Default test" tests="3" failures="0" timestamp="08 Feb 2019 09:41:20 GMT" time="93.638" errors="0">
  <testcase name="testDemoWebShopLogin" time="28.611" classname="TrainingDay1.TestLoginDemoWebShop"/>
  <testcase name="testDemoWebShopLogin" time="28.065" classname="TrainingDay1.TestLoginDemoWebShop"/>
  <testcase name="testDemoWebShopLogin" time="34.271" classname="TrainingDay1.TestLoginDemoWebShop"/>
</testsuite> <!-- Default test -->
