<?xml version="1.0" encoding="UTF-8"?>
<!-- Generated by org.testng.reporters.JUnitXMLReporter -->
<testsuite hostname="BDC4-D-1SQ7N62" ignored="0" name="Test2IE" tests="3" failures="0" timestamp="08 Feb 2019 10:02:17 GMT" time="8.934" errors="0">
  <testcase name="@BeforeTest beforetest" time="7.832" classname="TrainingDay1.TestLoginDemoWebShop">
    <failure type="java.lang.NullPointerException">
      <![CDATA[java.lang.NullPointerException
at TrainingDay1.TestLoginDemoWebShop.beforetest(TestLoginDemoWebShop.java:33)
at java.util.concurrent.FutureTask.run(Unknown Source)
at java.util.concurrent.ThreadPoolExecutor.runWorker(Unknown Source)
at java.util.concurrent.ThreadPoolExecutor$Worker.run(Unknown Source)
at java.lang.Thread.run(Unknown Source)
... Removed 15 stack frames]]>
    </failure>
  </testcase> <!-- @BeforeTest beforetest -->
  <testcase name="@AfterTest afterclass" time="0.0" classname="TrainingDay1.TestLoginDemoWebShop">
    <skipped/>
  </testcase> <!-- @AfterTest afterclass -->
  <testcase name="testDemoWebShopLogin" time="0.0" classname="TrainingDay1.TestLoginDemoWebShop">
    <skipped/>
  </testcase> <!-- testDemoWebShopLogin -->
  <testcase name="testDemoWebShopLogin" time="0.0" classname="TrainingDay1.TestLoginDemoWebShop">
    <skipped/>
  </testcase> <!-- testDemoWebShopLogin -->
  <testcase name="testDemoWebShopLogin" time="0.0" classname="TrainingDay1.TestLoginDemoWebShop">
    <skipped/>
  </testcase> <!-- testDemoWebShopLogin -->
</testsuite> <!-- Test2IE -->
